<?xml version="1.0" encoding="UTF-8"?>
<!-- Generated by org.testng.reporters.JUnitReportReporter -->
<testsuite name="com.maven.cucumber.RunCukesByFeatureAndTestNGDataProvider" tests="1" time="0.189" ignored="0" failures="0" timestamp="12 Jun 2017 06:20:42 GMT" skipped="0" hostname="Harinath-pc" errors="0">
  <testcase name="feature" time="0.189" classname="com.maven.cucumber.RunCukesByFeatureAndTestNGDataProvider"/>
</testsuite> <!-- com.maven.cucumber.RunCukesByFeatureAndTestNGDataProvider -->
