<?xml version="1.0" encoding="UTF-8"?>
<!-- Generated by org.testng.reporters.JUnitReportReporter -->
<testsuite name="com.maven.cucumber.Test.RunCukesByCompositionTest" tests="1" time="1.702" ignored="0" failures="0" timestamp="12 Jun 2017 13:50:15 GMT" skipped="0" hostname="Harinath-pc" errors="0">
  <testcase name="runCukes" time="1.702" classname="com.maven.cucumber.Test.RunCukesByCompositionTest"/>
</testsuite> <!-- com.maven.cucumber.Test.RunCukesByCompositionTest -->
