<?xml version="1.0" encoding="UTF-8"?>
<!-- Generated by org.testng.reporters.JUnitReportReporter -->
<testsuite name="com.maven.cucumber.Test.RunCukesByFeatureAndTestNGDataProvider" tests="1" time="0.430" ignored="0" failures="0" timestamp="12 Jun 2017 12:26:45 GMT" skipped="0" hostname="Harinath-pc" errors="0">
  <testcase name="feature" time="0.430" classname="com.maven.cucumber.Test.RunCukesByFeatureAndTestNGDataProvider"/>
</testsuite> <!-- com.maven.cucumber.Test.RunCukesByFeatureAndTestNGDataProvider -->
