<?xml version="1.0" encoding="UTF-8"?>
<!-- Generated by org.testng.reporters.JUnitReportReporter -->
<testsuite name="com.maven.cucumber.Test.RunCukesByFeatureAndCompositionTest1" tests="1" time="1.623" ignored="0" failures="0" timestamp="12 Jun 2017 11:37:07 GMT" skipped="0" hostname="Harinath-pc" errors="0">
  <testcase name="feature" time="1.623" classname="com.maven.cucumber.Test.RunCukesByFeatureAndCompositionTest1"/>
</testsuite> <!-- com.maven.cucumber.Test.RunCukesByFeatureAndCompositionTest1 -->
