<?xml version="1.0" encoding="UTF-8"?>
<!-- Generated by org.testng.reporters.JUnitReportReporter -->
<testsuite name="com.maven.cucumber.RunCukesByCompositionTest" tests="1" time="0.593" ignored="0" failures="0" timestamp="12 Jun 2017 05:13:20 GMT" skipped="0" hostname="Harinath-pc" errors="0">
  <testcase name="runCukes" time="0.593" classname="com.maven.cucumber.RunCukesByCompositionTest"/>
</testsuite> <!-- com.maven.cucumber.RunCukesByCompositionTest -->
