<?xml version="1.0" encoding="UTF-8"?>
<!-- Generated by org.testng.reporters.JUnitReportReporter -->
<testsuite name="com.maven.cucumber.Runner.Runner" tests="1" time="7.964" ignored="0" failures="0" timestamp="13 Jun 2017 15:49:45 GMT" skipped="0" hostname="Harinath-pc" errors="0">
  <testcase name="runCukes" time="7.964" classname="com.maven.cucumber.Runner.Runner"/>
</testsuite> <!-- com.maven.cucumber.Runner.Runner -->
