<?xml version="1.0" encoding="UTF-8"?>
<!-- Generated by org.testng.reporters.JUnitReportReporter -->
<testsuite name="com.maven.cucumber.Runner.Runner" tests="1" time="10.616" ignored="0" failures="0" timestamp="24 Jul 2017 12:57:15 GMT" skipped="0" hostname="Harinath-pc" errors="0">
  <testcase name="runCukes" time="10.616" classname="com.maven.cucumber.Runner.Runner"/>
</testsuite> <!-- com.maven.cucumber.Runner.Runner -->
